\BOOKMARK [1][-]{section.1}{Einleitung}{}% 1
\BOOKMARK [2][-]{subsection.1.1}{\334berblick}{section.1}% 2
\BOOKMARK [2][-]{subsection.1.2}{Zweck dieses Dokumentes}{section.1}% 3
\BOOKMARK [2][-]{subsection.1.3}{Produktbeschreibung}{section.1}% 4
\BOOKMARK [2][-]{subsection.1.4}{Definitionen und Abk\374rzungen}{section.1}% 5
\BOOKMARK [2][-]{subsection.1.5}{Referenzen}{section.1}% 6
\BOOKMARK [1][-]{section.2}{Produktkontext}{}% 7
\BOOKMARK [2][-]{subsection.2.1}{Externe Produkte}{section.2}% 8
\BOOKMARK [2][-]{subsection.2.2}{Nutzercharakterisierung}{section.2}% 9
\BOOKMARK [2][-]{subsection.2.3}{Szenario}{section.2}% 10
\BOOKMARK [2][-]{subsection.2.4}{Annahmen und Abh\344ngigkeiten}{section.2}% 11
\BOOKMARK [2][-]{subsection.2.5}{Einschr\344nkungen}{section.2}% 12
\BOOKMARK [1][-]{section.3}{Mindestanforderungen}{}% 13
\BOOKMARK [2][-]{subsection.3.1}{Funktionen}{section.3}% 14
\BOOKMARK [3][-]{subsubsection.3.1.1}{Datenmanagement}{subsection.3.1}% 15
\BOOKMARK [3][-]{subsubsection.3.1.2}{Vorhersageberechnung}{subsection.3.1}% 16
\BOOKMARK [3][-]{subsubsection.3.1.3}{Visualisierung}{subsection.3.1}% 17
\BOOKMARK [3][-]{subsubsection.3.1.4}{Nutzerinteraktion}{subsection.3.1}% 18
\BOOKMARK [2][-]{subsection.3.2}{Nicht-funktionale Anforderungen}{section.3}% 19
\BOOKMARK [3][-]{subsubsection.3.2.1}{Hardware}{subsection.3.2}% 20
\BOOKMARK [3][-]{subsubsection.3.2.2}{Implementierung}{subsection.3.2}% 21
\BOOKMARK [3][-]{subsubsection.3.2.3}{Robustheit}{subsection.3.2}% 22
\BOOKMARK [3][-]{subsubsection.3.2.4}{Performanz}{subsection.3.2}% 23
\BOOKMARK [3][-]{subsubsection.3.2.5}{Herstellungsprozess}{subsection.3.2}% 24
\BOOKMARK [1][-]{section.4}{Optionale Anforderungen}{}% 25
\BOOKMARK [1][-]{section.5}{Nicht-Anforderungen}{}% 26
\BOOKMARK [1][-]{section.6}{Projektzeitplan}{}% 27
\BOOKMARK [1][-]{section.7}{Diagramme}{}% 28
\BOOKMARK [2][-]{subsection.7.1}{Anwendungsf\344lle}{section.7}% 29
\BOOKMARK [2][-]{subsection.7.2}{Abl\344ufe}{section.7}% 30
